<?xml version="1.0" encoding="UTF-8"?>
<testsuite name="org.example.Variant18Test" tests="14" skipped="0" failures="0" errors="0" timestamp="2023-12-06T20:40:43" hostname="LAPTOP-C8AKUDJF" time="0.059">
  <properties/>
  <testcase name="testArray" classname="org.example.Variant18Test" time="0.015"/>
  <testcase name="testArray0" classname="org.example.Variant18Test" time="0.001"/>
  <testcase name="testBooleanFalse" classname="org.example.Variant18Test" time="0.0"/>
  <testcase name="testBooleanTrue" classname="org.example.Variant18Test" time="0.001"/>
  <testcase name="testCase" classname="org.example.Variant18Test" time="0.001"/>
  <testcase name="testFor" classname="org.example.Variant18Test" time="0.002"/>
  <testcase name="testIf1" classname="org.example.Variant18Test" time="0.0"/>
  <testcase name="testIf2" classname="org.example.Variant18Test" time="0.001"/>
  <testcase name="testIf3" classname="org.example.Variant18Test" time="0.001"/>
  <testcase name="testInteger" classname="org.example.Variant18Test" time="0.002"/>
  <testcase name="testMatrix" classname="org.example.Variant18Test" time="0.001"/>
  <testcase name="testMinmax" classname="org.example.Variant18Test" time="0.0"/>
  <testcase name="testMinmax0" classname="org.example.Variant18Test" time="0.002"/>
  <testcase name="testWhile" classname="org.example.Variant18Test" time="0.001"/>
  <system-out><![CDATA[]]></system-out>
  <system-err><![CDATA[]]></system-err>
</testsuite>
